API endpoint: http://localhost:8080
If you are using a library that supports the FIRESTORE_EMULATOR_HOST environment variable, run:

   export FIRESTORE_EMULATOR_HOST=localhost:8080

Dev App Server is now running.

Mar 03, 2020 11:43:45 PM io.gapi.emulators.netty.HttpVersionRoutingHandler channelRead
INFO: Detected non-HTTP/2 connection.
Mar 03, 2020 11:43:46 PM io.gapi.emulators.netty.NotFoundHandler handleRequest
INFO: Unknown request URI: /favicon.ico
Mar 03, 2020 11:55:57 PM io.gapi.emulators.netty.HttpVersionRoutingHandler channelRead
INFO: Detected non-HTTP/2 connection.
Mar 03, 2020 11:55:57 PM io.gapi.emulators.netty.NotFoundHandler handleRequest
INFO: Unknown request URI: /quer
Mar 03, 2020 11:55:58 PM io.gapi.emulators.netty.NotFoundHandler handleRequest
INFO: Unknown request URI: /query
Mar 03, 2020 11:56:16 PM io.gapi.emulators.netty.NotFoundHandler handleRequest
INFO: Unknown request URI: /query
Mar 03, 2020 11:56:19 PM io.gapi.emulators.netty.NotFoundHandler handleRequest
INFO: Unknown request URI: /query
Mar 04, 2020 12:31:11 AM io.gapi.emulators.netty.HttpVersionRoutingHandler channelRead
INFO: Detected non-HTTP/2 connection.
Mar 04, 2020 12:31:14 AM io.gapi.emulators.netty.NotFoundHandler handleRequest
INFO: Unknown request URI: /query
Mar 04, 2020 12:31:29 AM io.gapi.emulators.netty.HttpVersionRoutingHandler channelRead
INFO: Detected non-HTTP/2 connection.
Mar 04, 2020 12:31:29 AM io.gapi.emulators.netty.NotFoundHandler handleRequest
INFO: Unknown request URI: /query
Mar 04, 2020 12:32:04 AM io.gapi.emulators.netty.NotFoundHandler handleRequest
INFO: Unknown request URI: /query
Mar 04, 2020 12:32:07 AM io.gapi.emulators.netty.NotFoundHandler handleRequest
INFO: Unknown request URI: /query/
Mar 04, 2020 7:13:31 PM io.gapi.emulators.netty.NotFoundHandler handleRequest
INFO: Unknown request URI: /query
Mar 04, 2020 7:13:35 PM io.gapi.emulators.netty.NotFoundHandler handleRequest
INFO: Unknown request URI: /
Mar 04, 2020 7:13:45 PM io.gapi.emulators.netty.NotFoundHandler handleRequest
INFO: Unknown request URI: /graphql
Mar 04, 2020 7:14:04 PM io.gapi.emulators.netty.NotFoundHandler handleRequest
INFO: Unknown request URI: /v1/graphql
Mar 04, 2020 7:16:55 PM io.gapi.emulators.netty.NotFoundHandler handleRequest
INFO: Unknown request URI: /v1/graphql
Mar 04, 2020 7:17:08 PM io.gapi.emulators.netty.NotFoundHandler handleRequest
INFO: Unknown request URI: /v1/graphql
Mar 04, 2020 7:17:51 PM io.gapi.emulators.netty.NotFoundHandler handleRequest
INFO: Unknown request URI: /v1/graphql
Mar 04, 2020 7:18:04 PM io.gapi.emulators.netty.NotFoundHandler handleRequest
INFO: Unknown request URI: /v1/graphql
Mar 04, 2020 7:18:10 PM io.gapi.emulators.netty.NotFoundHandler handleRequest
INFO: Unknown request URI: /v1/graphql
Mar 04, 2020 7:35:39 PM io.gapi.emulators.netty.NotFoundHandler handleRequest
INFO: Unknown request URI: /v1/graphql
Mar 04, 2020 7:35:54 PM io.gapi.emulators.netty.NotFoundHandler handleRequest
INFO: Unknown request URI: /v1/graphql
Mar 04, 2020 7:36:28 PM io.gapi.emulators.netty.NotFoundHandler handleRequest
INFO: Unknown request URI: /v1/graphql
Mar 04, 2020 7:42:19 PM io.gapi.emulators.netty.NotFoundHandler handleRequest
INFO: Unknown request URI: /v1/graphql
Mar 05, 2020 12:39:10 AM io.gapi.emulators.netty.NotFoundHandler handleRequest
INFO: Unknown request URI: /v1/graphql
Mar 05, 2020 12:39:13 AM io.gapi.emulators.netty.NotFoundHandler handleRequest
INFO: Unknown request URI: /graphql
Mar 05, 2020 12:39:17 AM io.gapi.emulators.netty.NotFoundHandler handleRequest
INFO: Unknown request URI: /v1/graphql
Mar 05, 2020 12:39:21 AM io.gapi.emulators.netty.NotFoundHandler handleRequest
INFO: Unknown request URI: /v1/graphql
Mar 05, 2020 12:40:51 AM io.gapi.emulators.netty.NotFoundHandler handleRequest
INFO: Unknown request URI: /v1/graphql
Mar 05, 2020 12:41:17 AM io.gapi.emulators.netty.NotFoundHandler handleRequest
INFO: Unknown request URI: /v1/graphql
Mar 05, 2020 12:41:28 AM io.gapi.emulators.netty.NotFoundHandler handleRequest
INFO: Unknown request URI: /ve1/graphql
Mar 05, 2020 1:39:10 AM io.gapi.emulators.netty.HttpVersionRoutingHandler channelRead
INFO: Detected non-HTTP/2 connection.
Mar 05, 2020 1:39:10 AM io.gapi.emulators.netty.NotFoundHandler handleRequest
INFO: Unknown request URI: /bad-request
Mar 05, 2020 1:40:05 AM io.gapi.emulators.netty.HttpVersionRoutingHandler channelRead
INFO: Detected non-HTTP/2 connection.
Mar 05, 2020 1:40:05 AM io.gapi.emulators.netty.NotFoundHandler handleRequest
INFO: Unknown request URI: /v1/graphql
Mar 05, 2020 1:41:32 AM io.gapi.emulators.netty.HttpVersionRoutingHandler channelRead
INFO: Detected non-HTTP/2 connection.
Mar 05, 2020 1:41:32 AM io.gapi.emulators.netty.NotFoundHandler handleRequest
INFO: Unknown request URI: /v1/graphql
Mar 05, 2020 1:42:48 AM io.gapi.emulators.netty.HttpVersionRoutingHandler channelRead
INFO: Detected non-HTTP/2 connection.
Mar 05, 2020 1:42:48 AM io.gapi.emulators.netty.NotFoundHandler handleRequest
INFO: Unknown request URI: /v1/graphql
Mar 05, 2020 1:43:06 AM io.gapi.emulators.netty.NotFoundHandler handleRequest
INFO: Unknown request URI: /v1/graphql
Mar 05, 2020 1:44:04 AM io.gapi.emulators.netty.NotFoundHandler handleRequest
INFO: Unknown request URI: /v1/graphql
Mar 05, 2020 1:45:54 AM io.gapi.emulators.netty.NotFoundHandler handleRequest
INFO: Unknown request URI: /v1/graphql
Mar 05, 2020 1:46:20 AM io.gapi.emulators.netty.NotFoundHandler handleRequest
INFO: Unknown request URI: /v1/graphql
Mar 05, 2020 1:46:37 AM io.gapi.emulators.netty.NotFoundHandler handleRequest
INFO: Unknown request URI: /v1/graphql
Mar 05, 2020 1:47:40 AM io.gapi.emulators.netty.NotFoundHandler handleRequest
INFO: Unknown request URI: /v1/graphql
Mar 05, 2020 1:50:54 AM io.gapi.emulators.netty.HttpVersionRoutingHandler channelRead
INFO: Detected non-HTTP/2 connection.
Mar 05, 2020 1:50:55 AM io.gapi.emulators.netty.NotFoundHandler handleRequest
INFO: Unknown request URI: /v1/graphql
Mar 05, 2020 1:52:21 AM io.gapi.emulators.netty.HttpVersionRoutingHandler channelRead
INFO: Detected non-HTTP/2 connection.
Mar 05, 2020 1:52:21 AM io.gapi.emulators.netty.NotFoundHandler handleRequest
INFO: Unknown request URI: /v1/graphql
Mar 05, 2020 2:04:16 AM io.gapi.emulators.netty.HttpVersionRoutingHandler channelRead
INFO: Detected non-HTTP/2 connection.
Mar 05, 2020 2:04:16 AM io.gapi.emulators.netty.NotFoundHandler handleRequest
INFO: Unknown request URI: /v1/graphql
Mar 05, 2020 2:06:34 AM io.gapi.emulators.netty.HttpVersionRoutingHandler channelRead
INFO: Detected non-HTTP/2 connection.
Mar 05, 2020 2:06:34 AM io.gapi.emulators.netty.NotFoundHandler handleRequest
INFO: Unknown request URI: /v1/graphql
Mar 05, 2020 2:11:08 AM io.gapi.emulators.netty.HttpVersionRoutingHandler channelRead
INFO: Detected non-HTTP/2 connection.
Mar 05, 2020 2:11:08 AM io.gapi.emulators.netty.NotFoundHandler handleRequest
INFO: Unknown request URI: /v1/graphql
Mar 05, 2020 11:39:53 AM io.gapi.emulators.netty.HttpVersionRoutingHandler channelRead
INFO: Detected non-HTTP/2 connection.
Mar 05, 2020 11:39:53 AM io.gapi.emulators.netty.NotFoundHandler handleRequest
INFO: Unknown request URI: /v1/graphql
Mar 05, 2020 11:42:12 AM io.gapi.emulators.netty.HttpVersionRoutingHandler channelRead
INFO: Detected non-HTTP/2 connection.
Mar 05, 2020 11:42:12 AM io.gapi.emulators.netty.NotFoundHandler handleRequest
INFO: Unknown request URI: /v1/graphql
Mar 05, 2020 11:45:11 AM io.gapi.emulators.netty.HttpVersionRoutingHandler channelRead
INFO: Detected non-HTTP/2 connection.
Mar 05, 2020 11:45:11 AM io.gapi.emulators.netty.NotFoundHandler handleRequest
INFO: Unknown request URI: /v1/graphql
Mar 05, 2020 11:54:10 AM io.gapi.emulators.netty.HttpVersionRoutingHandler channelRead
INFO: Detected non-HTTP/2 connection.
Mar 05, 2020 11:54:10 AM io.gapi.emulators.netty.NotFoundHandler handleRequest
INFO: Unknown request URI: /v1/graphql
Mar 05, 2020 11:54:10 AM io.gapi.emulators.netty.HttpVersionRoutingHandler channelRead
INFO: Detected non-HTTP/2 connection.
Mar 05, 2020 11:54:10 AM io.gapi.emulators.netty.NotFoundHandler handleRequest
INFO: Unknown request URI: /v1/graphql
Mar 05, 2020 12:06:16 PM io.gapi.emulators.netty.HttpVersionRoutingHandler channelRead
INFO: Detected non-HTTP/2 connection.
Mar 05, 2020 12:06:16 PM io.gapi.emulators.netty.NotFoundHandler handleRequest
INFO: Unknown request URI: /v1/graphql
Mar 05, 2020 12:07:02 PM io.gapi.emulators.netty.HttpVersionRoutingHandler channelRead
INFO: Detected non-HTTP/2 connection.
Mar 05, 2020 12:07:02 PM io.gapi.emulators.netty.NotFoundHandler handleRequest
INFO: Unknown request URI: /v1/graphql
Mar 05, 2020 12:07:45 PM io.gapi.emulators.netty.HttpVersionRoutingHandler channelRead
INFO: Detected non-HTTP/2 connection.
Mar 05, 2020 12:07:45 PM io.gapi.emulators.netty.NotFoundHandler handleRequest
INFO: Unknown request URI: /v1/graphql
Mar 05, 2020 12:08:36 PM io.gapi.emulators.netty.HttpVersionRoutingHandler channelRead
INFO: Detected non-HTTP/2 connection.
Mar 05, 2020 12:08:36 PM io.gapi.emulators.netty.NotFoundHandler handleRequest
INFO: Unknown request URI: /v1/graphql
Mar 05, 2020 12:11:32 PM io.gapi.emulators.netty.HttpVersionRoutingHandler channelRead
INFO: Detected non-HTTP/2 connection.
Mar 05, 2020 12:11:32 PM io.gapi.emulators.netty.NotFoundHandler handleRequest
INFO: Unknown request URI: /v1/graphql
Mar 05, 2020 12:14:09 PM io.gapi.emulators.netty.HttpVersionRoutingHandler channelRead
INFO: Detected non-HTTP/2 connection.
Mar 05, 2020 12:14:09 PM io.gapi.emulators.netty.NotFoundHandler handleRequest
INFO: Unknown request URI: /v1/graphql
Mar 05, 2020 12:14:25 PM io.gapi.emulators.netty.HttpVersionRoutingHandler channelRead
INFO: Detected non-HTTP/2 connection.
Mar 05, 2020 12:14:25 PM io.gapi.emulators.netty.NotFoundHandler handleRequest
INFO: Unknown request URI: /v1/graphql
Mar 05, 2020 12:14:40 PM io.gapi.emulators.netty.HttpVersionRoutingHandler channelRead
INFO: Detected non-HTTP/2 connection.
Mar 05, 2020 12:14:40 PM io.gapi.emulators.netty.NotFoundHandler handleRequest
INFO: Unknown request URI: /v1/graphql
Mar 05, 2020 12:14:45 PM io.gapi.emulators.netty.HttpVersionRoutingHandler channelRead
INFO: Detected non-HTTP/2 connection.
Mar 05, 2020 12:14:45 PM io.gapi.emulators.netty.NotFoundHandler handleRequest
INFO: Unknown request URI: /v1/graphql
Mar 05, 2020 12:16:49 PM io.gapi.emulators.netty.HttpVersionRoutingHandler channelRead
INFO: Detected non-HTTP/2 connection.
Mar 05, 2020 12:16:49 PM io.gapi.emulators.netty.NotFoundHandler handleRequest
INFO: Unknown request URI: /v1/graphql
Mar 05, 2020 12:19:17 PM io.gapi.emulators.netty.HttpVersionRoutingHandler channelRead
INFO: Detected non-HTTP/2 connection.
Mar 05, 2020 12:19:17 PM io.gapi.emulators.netty.NotFoundHandler handleRequest
INFO: Unknown request URI: /v1/graphql
Mar 05, 2020 12:21:46 PM io.gapi.emulators.netty.HttpVersionRoutingHandler channelRead
INFO: Detected non-HTTP/2 connection.
Mar 05, 2020 12:21:46 PM io.gapi.emulators.netty.NotFoundHandler handleRequest
INFO: Unknown request URI: /v1/graphql
Mar 05, 2020 12:22:31 PM io.gapi.emulators.netty.HttpVersionRoutingHandler channelRead
INFO: Detected non-HTTP/2 connection.
Mar 05, 2020 12:22:31 PM io.gapi.emulators.netty.NotFoundHandler handleRequest
INFO: Unknown request URI: /v1/graphql
Mar 05, 2020 12:28:50 PM io.gapi.emulators.netty.HttpVersionRoutingHandler channelRead
INFO: Detected non-HTTP/2 connection.
Mar 05, 2020 12:28:50 PM io.gapi.emulators.netty.NotFoundHandler handleRequest
INFO: Unknown request URI: /v1/graphql
Mar 05, 2020 12:32:50 PM io.gapi.emulators.netty.HttpVersionRoutingHandler channelRead
INFO: Detected non-HTTP/2 connection.
Mar 05, 2020 12:32:50 PM io.gapi.emulators.netty.NotFoundHandler handleRequest
INFO: Unknown request URI: /v1/graphql
Mar 05, 2020 12:34:55 PM io.gapi.emulators.netty.HttpVersionRoutingHandler channelRead
INFO: Detected non-HTTP/2 connection.
Mar 05, 2020 12:34:55 PM io.gapi.emulators.netty.NotFoundHandler handleRequest
INFO: Unknown request URI: /v1/graphql
